#
# A fatal error has been detected by the Java Runtime Environment:
#
#  SIGSEGV (0xb) at pc=0x0000000115833b53, pid=40633, tid=0x0000000000001003
#
# JRE version: Java(TM) SE Runtime Environment (8.0_211-b12) (build 1.8.0_211-b12)
# Java VM: Java HotSpot(TM) 64-Bit Server VM (25.211-b12 mixed mode bsd-amd64 compressed oops)
# Problematic frame:
# j  queue.LinkedQueueOfStrings.enqueue(Ljava/lang/String;)V+37
#
# Failed to write core dump. Core dumps have been disabled. To enable core dumping, try "ulimit -c unlimited" before starting Java again
#
# If you would like to submit a bug report, please visit:
#   http://bugreport.java.com/bugreport/crash.jsp
#

---------------  T H R E A D  ---------------

Current thread (0x00007fedd1801000):  JavaThread "main" [_thread_in_Java, id=4099, stack(0x000070000afbe000,0x000070000b0be000)]

siginfo: si_signo: 11 (SIGSEGV), si_code: 1 (SEGV_MAPERR), si_addr: 0x00000039059d15ec

Registers:
RAX=0x00000000f2afc704, RBX=0x0000000000000010, RCX=0x00000038000585ec, RDX=0x0000000000000000
RSP=0x000070000b0bd948, RBP=0x000070000b0bd980, RSI=0x0000000000000007, RDI=0x0000000000000000
R8 =0x000007fedcff2518, R9 =0x000000000000002f, R10=0x0000000105979000, R11=0x0000000000000000
R12=0x0000000000000000, R13=0x000000010e23763f, R14=0x000070000b0bd9a8, R15=0x00007fedd1801000
RIP=0x0000000115833b53, EFLAGS=0x0000000000010203, ERR=0x0000000000000006
  TRAPNO=0x000000000000000e

Top of Stack: (sp=0x000070000b0bd948)
0x000070000b0bd948:   000000010e23763d 00007000f2afc704
0x000070000b0bd958:   000000010e237fc8 0000000000000000
0x000070000b0bd968:   000000010e237680 0000000000000000
0x000070000b0bd978:   000070000b0bd9a0 000070000b0bd9f0
0x000070000b0bd988:   000000011580a35d 00000007957e3820
0x000070000b0bd998:   00000007957e37d8 00000007957e37f0
0x000070000b0bd9a8:   00000007957def48 000070000b0bd9b0
0x000070000b0bd9b8:   000000010e2350d9 000070000b0bda08
0x000070000b0bd9c8:   000000010e2351a0 0000000000000000
0x000070000b0bd9d8:   000000010e235110 000070000b0bd9a0
0x000070000b0bd9e8:   000070000b0bda08 000070000b0bda70
0x000070000b0bd9f8:   00000001158027a7 00000007957def48
0x000070000b0bda08:   00000007957def38 0000000100001fa0
0x000070000b0bda18:   000000000000000a 00007fedd1801000
0x000070000b0bda28:   0000000000000001 000000011580271f
0x000070000b0bda38:   000000010e235110 000070000b0bdb08
0x000070000b0bda48:   000070000b0bde90 000000010000000a
0x000070000b0bda58:   000000010e235110 000000011581b4c0
0x000070000b0bda68:   000070000b0bdc48 000070000b0bdc20
0x000070000b0bda78:   00000001082f0d1e bb78000000000001
0x000070000b0bda88:   00007fedd1801000 0000000000000000
0x000070000b0bda98:   000070000b0bde90 0000000000000000
0x000070000b0bdaa8:   000000011581b4c0 0000000000000000
0x000070000b0bdab8:   000070000b0bdc40 000070000b0bde88
0x000070000b0bdac8:   00007fedd1801000 00007fedd1801000
0x000070000b0bdad8:   00007fedcff00800 00007fedcff00980
0x000070000b0bdae8:   00007fedcff00990 00007fedcff00a68
0x000070000b0bdaf8:   00000000000000d8 00007fedcff00a70
0x000070000b0bdb08:   00007fedd1801000 00007fedcff01a70
0x000070000b0bdb18:   000000010e235110 0000000000000000
0x000070000b0bdb28:   0000000000000000 0000000000000000
0x000070000b0bdb38:   0000000000000000 000070000b0bde88 

Instructions: (pc=0x0000000115833b53)
0x0000000115833b33:   0f 85 91 01 00 00 58 59 48 3b 01 48 c1 e8 03 89
0x0000000115833b43:   04 19 48 c1 e9 09 49 ba 00 90 97 05 01 00 00 00
0x0000000115833b53:   41 c6 04 0a 00 41 0f b7 4d 01 48 8b 5d d8 c1 e1
0x0000000115833b63:   02 8b 5c cb 10 c1 eb 18 81 e3 ff 00 00 00 b9 d3 

Register to memory mapping:

RAX=0x00000000f2afc704 is an unknown value
RBX=0x0000000000000010 is an unknown value
RCX=0x00000038000585ec is an unknown value
RDX=0x0000000000000000 is an unknown value
RSP=0x000070000b0bd948 is pointing into the stack for thread: 0x00007fedd1801000
RBP=0x000070000b0bd980 is pointing into the stack for thread: 0x00007fedd1801000
RSI=0x0000000000000007 is an unknown value
RDI=0x0000000000000000 is an unknown value
R8 =0x000007fedcff2518 is an unknown value
R9 =0x000000000000002f is an unknown value
R10=0x0000000105979000 is an unknown value
R11=0x0000000000000000 is an unknown value
R12=0x0000000000000000 is an unknown value
R13=0x000000010e23763f is pointing into metadata
R14=0x000070000b0bd9a8 is pointing into the stack for thread: 0x00007fedd1801000
R15=0x00007fedd1801000 is a thread


Stack: [0x000070000afbe000,0x000070000b0be000],  sp=0x000070000b0bd948,  free space=1022k
Native frames: (J=compiled Java code, j=interpreted, Vv=VM code, C=native code)
j  queue.LinkedQueueOfStrings.enqueue(Ljava/lang/String;)V+37
j  queue.LinkedQueueOfStrings.main([Ljava/lang/String;)V+17
v  ~StubRoutines::call_stub
V  [libjvm.dylib+0x2f0d1e]  JavaCalls::call_helper(JavaValue, methodHandle, JavaCallArguments, Thread)+0x6ae
V  [libjvm.dylib+0x327cc5]  jni_invoke_static(JNIEnv_, JavaValue, _jobject, JNICallType, _jmethodID, JNI_ArgumentPusher, Thread)+0x1bf
V  [libjvm.dylib+0x320a51]  jni_CallStaticVoidMethod+0x15d
C  [java+0x38c6]  JavaMain+0x9c4
C  [libsystem_pthread.dylib+0x5e65]  _pthread_start+0x94
C  [libsystem_pthread.dylib+0x183b]  thread_start+0xf
C  0x0000000000000000


---------------  P R O C E S S  ---------------

Java Threads: ( => current thread )
  0x00007fedd1099000 JavaThread "Service Thread" daemon [_thread_blocked, id=15363, stack(0x000070000bff1000,0x000070000c0f1000)]
  0x00007fedd0865800 JavaThread "C1 CompilerThread2" daemon [_thread_blocked, id=17667, stack(0x000070000beee000,0x000070000bfee000)]
  0x00007fedd104c000 JavaThread "C2 CompilerThread1" daemon [_thread_blocked, id=18179, stack(0x000070000bdeb000,0x000070000beeb000)]
  0x00007fedd1843000 JavaThread "C2 CompilerThread0" daemon [_thread_blocked, id=15107, stack(0x000070000bce8000,0x000070000bde8000)]
  0x00007fedd1825000 JavaThread "JDWP Event Helper Thread" daemon [_thread_blocked, id=14339, stack(0x000070000bae2000,0x000070000bbe2000)]
  0x00007fedd1821800 JavaThread "Signal Dispatcher" daemon [_thread_blocked, id=13827, stack(0x000070000b8dc000,0x000070000b9dc000)]
  0x00007fedd000a800 JavaThread "Finalizer" daemon [_thread_blocked, id=11779, stack(0x000070000b6d3000,0x000070000b7d3000)]
  0x00007fedd1038800 JavaThread "Reference Handler" daemon [_thread_blocked, id=11267, stack(0x000070000b5d0000,0x000070000b6d0000)]
=>0x00007fedd1801000 JavaThread "main" [_thread_in_Java, id=4099, stack(0x000070000afbe000,0x000070000b0be000)]

Other Threads:
  0x00007fedd0814800 VMThread [stack: 0x000070000b4cd000,0x000070000b5cd000] [id=21507]
  0x00007fedd10a2000 WatcherThread [stack: 0x000070000c0f4000,0x000070000c1f4000] [id=16899]

VM state:not at safepoint (normal execution)

VM Mutex/Monitor currently owned by a thread: None

heap address: 0x0000000740000000, size: 2048 MB, Compressed Oops mode: Zero based, Oop shift amount: 3
Narrow klass base: 0x0000000000000000, Narrow klass shift: 3
Compressed class space size: 1073741824 Address: 0x00000007c0000000

Heap:
 PSYoungGen      total 38400K, used 2700K [0x0000000795580000, 0x0000000798000000, 0x00000007c0000000)
  eden space 33280K, 8% used [0x0000000795580000,0x0000000795823288,0x0000000797600000)
  from space 5120K, 0% used [0x0000000797b00000,0x0000000797b00000,0x0000000798000000)
  to   space 5120K, 0% used [0x0000000797600000,0x0000000797600000,0x0000000797b00000)
 ParOldGen       total 87552K, used 0K [0x0000000740000000, 0x0000000745580000, 0x0000000795580000)
  object space 87552K, 0% used [0x0000000740000000,0x0000000740000000,0x0000000745580000)
 Metaspace       used 2963K, capacity 4652K, committed 4864K, reserved 1056768K
  class space    used 314K, capacity 424K, committed 512K, reserved 1048576K

Card table byte_map: [0x0000000109379000,0x000000010977a000] byte_map_base: 0x0000000105979000

Marking Bits: (ParMarkBitMap) 0x00000001088fbe40
 Begin Bits: [0x0000000109a25000, 0x000000010ba25000)
 End Bits:   [0x000000010ba25000, 0x000000010da25000)

Polling page: 0x00000001076bb000

CodeCache: size=245760Kb used=1141Kb max_used=1141Kb free=244618Kb
 bounds [0x0000000115802000, 0x0000000115a72000, 0x0000000124802000]
 total_blobs=268 nmethods=34 adapters=156
 compilation: enabled

Compilation events (10 events):
Event: 0.481 Thread 0x00007fedd0865800   29       3       java.util.concurrent.ConcurrentHashMap::tabAt (21 bytes)
Event: 0.482 Thread 0x00007fedd0865800 nmethod 29 0x0000000115917c90 code [0x0000000115917e00, 0x0000000115918030]
Event: 0.482 Thread 0x00007fedd0865800   31       3       java.util.concurrent.ConcurrentHashMap::setTabAt (19 bytes)
Event: 0.482 Thread 0x00007fedd0865800 nmethod 31 0x00000001159180d0 code [0x0000000115918220, 0x0000000115918390]
Event: 0.482 Thread 0x00007fedd0865800   32  s    3       sun.misc.URLClassPath::getNextLoader (88 bytes)
Event: 0.483 Thread 0x00007fedd0865800 nmethod 32 0x0000000115918b90 code [0x0000000115918d80, 0x0000000115919628]
Event: 0.483 Thread 0x00007fedd0865800   34       3       java.lang.String::indexOf (166 bytes)
Event: 0.484 Thread 0x00007fedd0865800 nmethod 34 0x0000000115919b10 code [0x0000000115919cc0, 0x000000011591a310]
Event: 0.484 Thread 0x00007fedd0865800   33  s!   3       sun.misc.URLClassPath::getLoader (243 bytes)
Event: 0.487 Thread 0x00007fedd0865800 nmethod 33 0x000000011591a750 code [0x000000011591aba0, 0x000000011591d918]

GC Heap History (0 events):
No events

Deoptimization events (0 events):
No events

Classes redefined (4 events):
Event: 126.134 Thread 0x00007fedd0814800 redefined class name=queue.LinkedQueueOfStrings$Node, count=1
Event: 126.135 Thread 0x00007fedd0814800 redefined class name=queue.LinkedQueueOfStrings, count=1
Event: 315.429 Thread 0x00007fedd0814800 redefined class name=queue.LinkedQueueOfStrings$Node, count=2
Event: 315.429 Thread 0x00007fedd0814800 redefined class name=queue.LinkedQueueOfStrings, count=2

Internal exceptions (2 events):
Event: 0.062 Thread 0x00007fedd1801000 Exception <a 'java/lang/NoSuchMethodError': Method sun.misc.Unsafe.defineClass(Ljava/lang/String;[BII)Ljava/lang/Class; name or signature does not match> (0x0000000795587cb0) thrown at [/Users/java_re/workspace/8-2-build-macosx-x86_64/jdk8u211/12973/hotsp
Event: 0.062 Thread 0x00007fedd1801000 Exception <a 'java/lang/NoSuchMethodError': Method sun.misc.Unsafe.prefetchRead(Ljava/lang/Object;J)V name or signature does not match> (0x0000000795587f98) thrown at [/Users/java_re/workspace/8-2-build-macosx-x86_64/jdk8u211/12973/hotspot/src/share/vm/pr

Events (10 events):
Event: 330.131 Executing VM operation: ChangeBreakpoints done
Event: 330.131 Executing VM operation: ChangeBreakpoints
Event: 330.131 Executing VM operation: ChangeBreakpoints done
Event: 330.131 Executing VM operation: ChangeBreakpoints
Event: 330.131 Executing VM operation: ChangeBreakpoints done
Event: 330.131 Executing VM operation: ChangeBreakpoints
Event: 330.131 Executing VM operation: ChangeBreakpoints done
Event: 330.131 Thread 0x00007fedd1043800 Thread exited: 0x00007fedd1043800
Event: 330.131 Executing VM operation: ForceSafepoint
Event: 330.132 Executing VM operation: ForceSafepoint done


Dynamic libraries:
0x00007fff32681000 	/System/Library/Frameworks/Cocoa.framework/Versions/A/Cocoa
0x00007fff3fc4f000 	/System/Library/Frameworks/Security.framework/Versions/A/Security
0x00007fff3160b000 	/System/Library/Frameworks/ApplicationServices.framework/Versions/A/ApplicationServices
0x00007fff6a07c000 	/usr/lib/libz.1.dylib
0x00007fff67b4b000 	/usr/lib/libSystem.B.dylib
0x00007fff699a0000 	/usr/lib/libobjc.A.dylib
0x00007fff335f8000 	/System/Library/Frameworks/CoreFoundation.framework/Versions/A/CoreFoundation
0x00007fff35cbd000 	/System/Library/Frameworks/Foundation.framework/Versions/C/Foundation
0x00007fff30800000 	/System/Library/Frameworks/AppKit.framework/Versions/C/AppKit
0x00007fff33104000 	/System/Library/Frameworks/CoreData.framework/Versions/A/CoreData
0x00007fff643f3000 	/System/Library/PrivateFrameworks/UIFoundation.framework/Versions/A/UIFoundation
0x00007fff5ebcf000 	/System/Library/PrivateFrameworks/RemoteViewServices.framework/Versions/A/RemoteViewServices
0x00007fff66e86000 	/System/Library/PrivateFrameworks/XCTTargetBootstrap.framework/Versions/A/XCTTargetBootstrap
0x00007fff334e7000 	/System/Library/Frameworks/CoreDisplay.framework/Versions/A/CoreDisplay
0x00007fff38a35000 	/System/Library/Frameworks/Metal.framework/Versions/A/Metal
0x00007fff4cfd5000 	/System/Library/PrivateFrameworks/DesktopServicesPriv.framework/Versions/A/DesktopServicesPriv
0x00007fff68c81000 	/usr/lib/liblangid.dylib
0x00007fff4c121000 	/System/Library/PrivateFrameworks/CoreSVG.framework/Versions/A/CoreSVG
0x00007fff61996000 	/System/Library/PrivateFrameworks/SkyLight.framework/Versions/A/SkyLight
0x00007fff33a7a000 	/System/Library/Frameworks/CoreGraphics.framework/Versions/A/CoreGraphics
0x00007fff2f39f000 	/System/Library/Frameworks/Accelerate.framework/Versions/A/Accelerate
0x00007fff69f6d000 	/usr/lib/libxml2.2.dylib
0x00007fff57cf9000 	/System/Library/PrivateFrameworks/IconServices.framework/Versions/A/IconServices
0x00007fff364a2000 	/System/Library/Frameworks/IOSurface.framework/Versions/A/IOSurface
0x00007fff67683000 	/usr/lib/libDiagnosticMessagesClient.dylib
0x00007fff4ce4e000 	/System/Library/PrivateFrameworks/DFRFoundation.framework/Versions/A/DFRFoundation
0x00007fff68a0f000 	/usr/lib/libicucore.A.dylib
0x00007fff3193d000 	/System/Library/Frameworks/AudioToolbox.framework/Versions/A/AudioToolbox
0x00007fff31a1f000 	/System/Library/Frameworks/AudioUnit.framework/Versions/A/AudioUnit
0x00007fff67d4c000 	/usr/lib/libauto.dylib
0x00007fff4cecf000 	/System/Library/PrivateFrameworks/DataDetectorsCore.framework/Versions/A/DataDetectorsCore
0x00007fff321a1000 	/System/Library/Frameworks/Carbon.framework/Versions/A/Frameworks/HIToolbox.framework/Versions/A/HIToolbox
0x00007fff3ee80000 	/System/Library/Frameworks/QuartzCore.framework/Versions/A/QuartzCore
0x00007fff324e0000 	/System/Library/Frameworks/Carbon.framework/Versions/A/Frameworks/SpeechRecognition.framework/Versions/A/SpeechRecognition
0x00007fff4c7d4000 	/System/Library/PrivateFrameworks/CoreUI.framework/Versions/A/CoreUI
0x00007fff32b6a000 	/System/Library/Frameworks/CoreAudio.framework/Versions/A/CoreAudio
0x00007fff35985000 	/System/Library/Frameworks/DiskArbitration.framework/Versions/A/DiskArbitration
0x00007fff59d0e000 	/System/Library/PrivateFrameworks/MultitouchSupport.framework/Versions/A/MultitouchSupport
0x00007fff688d5000 	/usr/lib/libenergytrace.dylib
0x00007fff363fd000 	/System/Library/Frameworks/IOKit.framework/Versions/A/IOKit
0x00007fff349e8000 	/System/Library/Frameworks/CoreServices.framework/Versions/A/CoreServices
0x00007fff5be1b000 	/System/Library/PrivateFrameworks/PerformanceAnalysis.framework/Versions/A/PerformanceAnalysis
0x00007fff3deb6000 	/System/Library/Frameworks/OpenGL.framework/Versions/A/OpenGL
0x00007fff3268f000 	/System/Library/Frameworks/ColorSync.framework/Versions/A/ColorSync
0x00007fff34101000 	/System/Library/Frameworks/CoreImage.framework/Versions/A/CoreImage
0x00007fff3545e000 	/System/Library/Frameworks/CoreText.framework/Versions/A/CoreText
0x00007fff36528000 	/System/Library/Frameworks/ImageIO.framework/Versions/A/ImageIO
0x00007fff67e31000 	/usr/lib/libc++.1.dylib
0x00007fff67ead000 	/usr/lib/libcompression.dylib
0x00007fff679c5000 	/usr/lib/libMobileGestalt.dylib
0x00007fff634d5000 	/System/Library/PrivateFrameworks/TextureIO.framework/Versions/A/TextureIO
0x00007fff67cb2000 	/usr/lib/libate.dylib
0x00007fff57f02000 	/System/Library/PrivateFrameworks/InternationalSupport.framework/Versions/A/InternationalSupport
0x00007fff6aaf2000 	/usr/lib/system/libcache.dylib
0x00007fff6aaf8000 	/usr/lib/system/libcommonCrypto.dylib
0x00007fff6ab04000 	/usr/lib/system/libcompiler_rt.dylib
0x00007fff6ab0c000 	/usr/lib/system/libcopyfile.dylib
0x00007fff6ab16000 	/usr/lib/system/libcorecrypto.dylib
0x00007fff6acc4000 	/usr/lib/system/libdispatch.dylib
0x00007fff6ad06000 	/usr/lib/system/libdyld.dylib
0x00007fff6ad3c000 	/usr/lib/system/libkeymgr.dylib
0x00007fff6ad4a000 	/usr/lib/system/liblaunch.dylib
0x00007fff6ad4b000 	/usr/lib/system/libmacho.dylib
0x00007fff6ad51000 	/usr/lib/system/libquarantine.dylib
0x00007fff6ad54000 	/usr/lib/system/libremovefile.dylib
0x00007fff6ad56000 	/usr/lib/system/libsystem_asl.dylib
0x00007fff6ad6e000 	/usr/lib/system/libsystem_blocks.dylib
0x00007fff6ad6f000 	/usr/lib/system/libsystem_c.dylib
0x00007fff6adf7000 	/usr/lib/system/libsystem_configuration.dylib
0x00007fff6adfb000 	/usr/lib/system/libsystem_coreservices.dylib
0x00007fff6adff000 	/usr/lib/system/libsystem_darwin.dylib
0x00007fff6ae08000 	/usr/lib/system/libsystem_dnssd.dylib
0x00007fff6ae10000 	/usr/lib/system/libsystem_featureflags.dylib
0x00007fff6ae12000 	/usr/lib/system/libsystem_info.dylib
0x00007fff6ae8d000 	/usr/lib/system/libsystem_m.dylib
0x00007fff6aed5000 	/usr/lib/system/libsystem_malloc.dylib
0x00007fff6aefd000 	/usr/lib/system/libsystem_networkextension.dylib
0x00007fff6af0b000 	/usr/lib/system/libsystem_notify.dylib
0x00007fff6af2a000 	/usr/lib/system/libsystem_sandbox.dylib
0x00007fff6af2f000 	/usr/lib/system/libsystem_secinit.dylib
0x00007fff6ae60000 	/usr/lib/system/libsystem_kernel.dylib
0x00007fff6af15000 	/usr/lib/system/libsystem_platform.dylib
0x00007fff6af1f000 	/usr/lib/system/libsystem_pthread.dylib
0x00007fff6af32000 	/usr/lib/system/libsystem_symptoms.dylib
0x00007fff6af3a000 	/usr/lib/system/libsystem_trace.dylib
0x00007fff6af52000 	/usr/lib/system/libunwind.dylib
0x00007fff6af58000 	/usr/lib/system/libxpc.dylib
0x00007fff67e85000 	/usr/lib/libc++abi.dylib
0x00007fff68c83000 	/usr/lib/liblzma.5.dylib
0x00007fff688fd000 	/usr/lib/libfakelink.dylib
0x00007fff67c3f000 	/usr/lib/libarchive.2.dylib
0x00007fff40df1000 	/System/Library/Frameworks/SystemConfiguration.framework/Versions/A/SystemConfiguration
0x00007fff675b4000 	/usr/lib/libCRFSuite.dylib
0x00007fff31d95000 	/System/Library/Frameworks/CFNetwork.framework/Versions/A/CFNetwork
0x00007fff67e13000 	/usr/lib/libbsm.0.dylib
0x00007fff6ad3d000 	/usr/lib/system/libkxld.dylib
0x00007fff46905000 	/System/Library/PrivateFrameworks/AppleFSCompression.framework/Versions/A/AppleFSCompression
0x00007fff68194000 	/usr/lib/libcoretls.dylib
0x00007fff681ab000 	/usr/lib/libcoretls_cfhelpers.dylib
0x00007fff699e4000 	/usr/lib/libpam.2.dylib
0x00007fff69b17000 	/usr/lib/libsqlite3.dylib
0x00007fff69f5a000 	/usr/lib/libxar.1.dylib
0x00007fff67e24000 	/usr/lib/libbz2.1.0.dylib
0x00007fff6891e000 	/usr/lib/libiconv.2.dylib
0x00007fff67e9a000 	/usr/lib/libcharset.1.dylib
0x00007fff6948b000 	/usr/lib/libnetwork.dylib
0x00007fff699eb000 	/usr/lib/libpcap.A.dylib
0x00007fff67bf4000 	/usr/lib/libapple_nghttp2.dylib
0x00007fff34d9f000 	/System/Library/Frameworks/CoreServices.framework/Versions/A/Frameworks/FSEvents.framework/Versions/A/FSEvents
0x00007fff34a6f000 	/System/Library/Frameworks/CoreServices.framework/Versions/A/Frameworks/CarbonCore.framework/Versions/A/CarbonCore
0x00007fff34fe2000 	/System/Library/Frameworks/CoreServices.framework/Versions/A/Frameworks/Metadata.framework/Versions/A/Metadata
0x00007fff3507b000 	/System/Library/Frameworks/CoreServices.framework/Versions/A/Frameworks/OSServices.framework/Versions/A/OSServices
0x00007fff350a9000 	/System/Library/Frameworks/CoreServices.framework/Versions/A/Frameworks/SearchKit.framework/Versions/A/SearchKit
0x00007fff349e9000 	/System/Library/Frameworks/CoreServices.framework/Versions/A/Frameworks/AE.framework/Versions/A/AE
0x00007fff34da8000 	/System/Library/Frameworks/CoreServices.framework/Versions/A/Frameworks/LaunchServices.framework/Versions/A/LaunchServices
0x00007fff34d51000 	/System/Library/Frameworks/CoreServices.framework/Versions/A/Frameworks/DictionaryServices.framework/Versions/A/DictionaryServices
0x00007fff35111000 	/System/Library/Frameworks/CoreServices.framework/Versions/A/Frameworks/SharedFileList.framework/Versions/A/SharedFileList
0x00007fff39d0a000 	/System/Library/Frameworks/NetFS.framework/Versions/A/NetFS
0x00007fff5a23e000 	/System/Library/PrivateFrameworks/NetAuth.framework/Versions/A/NetAuth
0x00007fff67251000 	/System/Library/PrivateFrameworks/login.framework/Versions/A/Frameworks/loginsupport.framework/Versions/A/loginsupport
0x00007fff62fd0000 	/System/Library/PrivateFrameworks/TCC.framework/Versions/A/TCC
0x00007fff4b4f0000 	/System/Library/PrivateFrameworks/CoreNLP.framework/Versions/A/CoreNLP
0x00007fff5973e000 	/System/Library/PrivateFrameworks/MetadataUtilities.framework/Versions/A/MetadataUtilities
0x00007fff68d5b000 	/usr/lib/libmecabra.dylib
0x00007fff68cb3000 	/usr/lib/libmecab.dylib
0x00007fff6890e000 	/usr/lib/libgermantok.dylib
0x00007fff67bdb000 	/usr/lib/libThaiTokenizer.dylib
0x00007fff675ec000 	/usr/lib/libChineseTokenizer.dylib
0x00007fff2f3b7000 	/System/Library/Frameworks/Accelerate.framework/Versions/A/Frameworks/vImage.framework/Versions/A/vImage
0x00007fff3065a000 	/System/Library/Frameworks/Accelerate.framework/Versions/A/Frameworks/vecLib.framework/Versions/A/vecLib
0x00007fff3059e000 	/System/Library/Frameworks/Accelerate.framework/Versions/A/Frameworks/vecLib.framework/Versions/A/libvMisc.dylib
0x00007fff303c4000 	/System/Library/Frameworks/Accelerate.framework/Versions/A/Frameworks/vecLib.framework/Versions/A/libvDSP.dylib
0x00007fff2fa23000 	/System/Library/Frameworks/Accelerate.framework/Versions/A/Frameworks/vecLib.framework/Versions/A/libBLAS.dylib
0x00007fff2ff7e000 	/System/Library/Frameworks/Accelerate.framework/Versions/A/Frameworks/vecLib.framework/Versions/A/libLAPACK.dylib
0x00007fff30324000 	/System/Library/Frameworks/Accelerate.framework/Versions/A/Frameworks/vecLib.framework/Versions/A/libLinearAlgebra.dylib
0x00007fff303b1000 	/System/Library/Frameworks/Accelerate.framework/Versions/A/Frameworks/vecLib.framework/Versions/A/libSparseBLAS.dylib
0x00007fff3033a000 	/System/Library/Frameworks/Accelerate.framework/Versions/A/Frameworks/vecLib.framework/Versions/A/libQuadrature.dylib
0x00007fff2fc8d000 	/System/Library/Frameworks/Accelerate.framework/Versions/A/Frameworks/vecLib.framework/Versions/A/libBNNS.dylib
0x00007fff30340000 	/System/Library/Frameworks/Accelerate.framework/Versions/A/Frameworks/vecLib.framework/Versions/A/libSparse.dylib
0x00007fff582c1000 	/System/Library/PrivateFrameworks/LanguageModeling.framework/Versions/A/LanguageModeling
0x00007fff4ae8c000 	/System/Library/PrivateFrameworks/CoreEmoji.framework/Versions/A/CoreEmoji
0x00007fff583df000 	/System/Library/PrivateFrameworks/LinguisticData.framework/Versions/A/LinguisticData
0x00007fff58390000 	/System/Library/PrivateFrameworks/Lexicon.framework/Versions/A/Lexicon
0x00007fff67e9b000 	/usr/lib/libcmph.dylib
0x00007fff3c8dc000 	/System/Library/Frameworks/OpenDirectory.framework/Versions/A/Frameworks/CFOpenDirectory.framework/Versions/A/CFOpenDirectory
0x00007fff3c8f9000 	/System/Library/Frameworks/OpenDirectory.framework/Versions/A/OpenDirectory
0x00007fff44bc6000 	/System/Library/PrivateFrameworks/APFS.framework/Versions/A/APFS
0x00007fff3ffa2000 	/System/Library/Frameworks/SecurityFoundation.framework/Versions/A/SecurityFoundation
0x00007fff69f56000 	/usr/lib/libutil.dylib
0x00007fff4c179000 	/System/Library/PrivateFrameworks/CoreServicesStore.framework/Versions/A/CoreServicesStore
0x00007fff4005a000 	/System/Library/Frameworks/ServiceManagement.framework/Versions/A/ServiceManagement
0x00007fff480bc000 	/System/Library/PrivateFrameworks/BackgroundTaskManagement.framework/Versions/A/BackgroundTaskManagement
0x00007fff6a053000 	/usr/lib/libxslt.1.dylib
0x00007fff46f6a000 	/System/Library/PrivateFrameworks/AppleSystemInfo.framework/Versions/A/AppleSystemInfo
0x00007fff36745000 	/System/Library/Frameworks/ImageIO.framework/Versions/A/Resources/libJPEG.dylib
0x00007fff36a04000 	/System/Library/Frameworks/ImageIO.framework/Versions/A/Resources/libTIFF.dylib
0x00007fff369e7000 	/System/Library/Frameworks/ImageIO.framework/Versions/A/Resources/libPng.dylib
0x00007fff36686000 	/System/Library/Frameworks/ImageIO.framework/Versions/A/Resources/libGIF.dylib
0x00007fff3668a000 	/System/Library/Frameworks/ImageIO.framework/Versions/A/Resources/libJP2.dylib
0x00007fff36a02000 	/System/Library/Frameworks/ImageIO.framework/Versions/A/Resources/libRadiance.dylib
0x00007fff688d6000 	/usr/lib/libexpat.1.dylib
0x00007fff46a60000 	/System/Library/PrivateFrameworks/AppleJPEG.framework/Versions/A/AppleJPEG
0x00007fff4f3f3000 	/System/Library/PrivateFrameworks/FontServices.framework/libFontParser.dylib
0x00007fff662a8000 	/System/Library/PrivateFrameworks/WatchdogClient.framework/Versions/A/WatchdogClient
0x00007fff5794e000 	/System/Library/PrivateFrameworks/IOAccelerator.framework/Versions/A/IOAccelerator
0x00007fff38dc3000 	/System/Library/Frameworks/MetalPerformanceShaders.framework/Versions/A/MetalPerformanceShaders
0x00007fff54141000 	/System/Library/PrivateFrameworks/GPUWrangler.framework/Versions/A/GPUWrangler
0x00007fff57959000 	/System/Library/PrivateFrameworks/IOPresentment.framework/Versions/A/IOPresentment
0x00007fff4ce61000 	/System/Library/PrivateFrameworks/DSExternalDisplay.framework/Versions/A/DSExternalDisplay
0x00007fff3d262000 	/System/Library/Frameworks/OpenGL.framework/Versions/A/Libraries/libCoreFSCache.dylib
0x00007fff38b15000 	/System/Library/Frameworks/MetalPerformanceShaders.framework/Frameworks/MPSCore.framework/Versions/A/MPSCore
0x00007fff38b52000 	/System/Library/Frameworks/MetalPerformanceShaders.framework/Frameworks/MPSImage.framework/Versions/A/MPSImage
0x00007fff38c14000 	/System/Library/Frameworks/MetalPerformanceShaders.framework/Frameworks/MPSNeuralNetwork.framework/Versions/A/MPSNeuralNetwork
0x00007fff38bd9000 	/System/Library/Frameworks/MetalPerformanceShaders.framework/Frameworks/MPSMatrix.framework/Versions/A/MPSMatrix
0x00007fff38d74000 	/System/Library/Frameworks/MetalPerformanceShaders.framework/Frameworks/MPSRayIntersector.framework/Versions/A/MPSRayIntersector
0x00007fff38bfe000 	/System/Library/Frameworks/MetalPerformanceShaders.framework/Frameworks/MPSNDArray.framework/Versions/A/MPSNDArray
0x00007fff5978b000 	/System/Library/PrivateFrameworks/MetalTools.framework/Versions/A/MetalTools
0x00007fff45d8b000 	/System/Library/PrivateFrameworks/AggregateDictionary.framework/Versions/A/AggregateDictionary
0x00007fff4a916000 	/System/Library/PrivateFrameworks/CoreAnalytics.framework/Versions/A/CoreAnalytics
0x00007fff46e88000 	/System/Library/PrivateFrameworks/AppleSauce.framework/Versions/A/AppleSauce
0x00007fff678a8000 	/usr/lib/libIOReport.dylib
0x00007fff35613000 	/System/Library/Frameworks/CoreVideo.framework/Versions/A/CoreVideo
0x00007fff555af000 	/System/Library/PrivateFrameworks/GraphVisualizer.framework/Versions/A/GraphVisualizer
0x00007fff4e974000 	/System/Library/PrivateFrameworks/FaceCore.framework/Versions/A/FaceCore
0x00007fff3c883000 	/System/Library/Frameworks/OpenCL.framework/Versions/A/OpenCL
0x00007fff676ca000 	/usr/lib/libFosl_dynamic.dylib
0x00007fff5ac39000 	/System/Library/PrivateFrameworks/OTSVG.framework/Versions/A/OTSVG
0x00007fff31710000 	/System/Library/Frameworks/ApplicationServices.framework/Versions/A/Frameworks/ATS.framework/Versions/A/Resources/libFontRegistry.dylib
0x00007fff4f5c4000 	/System/Library/PrivateFrameworks/FontServices.framework/libhvf.dylib
0x00007fff3d26d000 	/System/Library/Frameworks/OpenGL.framework/Versions/A/Libraries/libGFXShared.dylib
0x00007fff3d44a000 	/System/Library/Frameworks/OpenGL.framework/Versions/A/Libraries/libGLU.dylib
0x00007fff3d276000 	/System/Library/Frameworks/OpenGL.framework/Versions/A/Libraries/libGL.dylib
0x00007fff3d281000 	/System/Library/Frameworks/OpenGL.framework/Versions/A/Libraries/libGLImage.dylib
0x00007fff3d25f000 	/System/Library/Frameworks/OpenGL.framework/Versions/A/Libraries/libCVMSPluginSupport.dylib
0x00007fff3d268000 	/System/Library/Frameworks/OpenGL.framework/Versions/A/Libraries/libCoreVMClient.dylib
0x00007fff6932d000 	/usr/lib/libncurses.5.4.dylib
0x00007fff3160c000 	/System/Library/Frameworks/ApplicationServices.framework/Versions/A/Frameworks/ATS.framework/Versions/A/ATS
0x00007fff317d9000 	/System/Library/Frameworks/ApplicationServices.framework/Versions/A/Frameworks/ColorSyncLegacy.framework/Versions/A/ColorSyncLegacy
0x00007fff31878000 	/System/Library/Frameworks/ApplicationServices.framework/Versions/A/Frameworks/HIServices.framework/Versions/A/HIServices
0x00007fff318cf000 	/System/Library/Frameworks/ApplicationServices.framework/Versions/A/Frameworks/LangAnalysis.framework/Versions/A/LangAnalysis
0x00007fff318de000 	/System/Library/Frameworks/ApplicationServices.framework/Versions/A/Frameworks/PrintCore.framework/Versions/A/PrintCore
0x00007fff31924000 	/System/Library/Frameworks/ApplicationServices.framework/Versions/A/Frameworks/QD.framework/Versions/A/QD
0x00007fff3192f000 	/System/Library/Frameworks/ApplicationServices.framework/Versions/A/Frameworks/SpeechSynthesis.framework/Versions/A/SpeechSynthesis
0x00007fff317a9000 	/System/Library/Frameworks/ApplicationServices.framework/Versions/A/Frameworks/ATSUI.framework/Versions/A/ATSUI
0x00007fff6876a000 	/usr/lib/libcups.2.dylib
0x00007fff37e72000 	/System/Library/Frameworks/Kerberos.framework/Versions/A/Kerberos
0x00007fff360f2000 	/System/Library/Frameworks/GSS.framework/Versions/A/GSS
0x00007fff69aa3000 	/usr/lib/libresolv.9.dylib
0x00007fff55750000 	/System/Library/PrivateFrameworks/Heimdal.framework/Versions/A/Heimdal
0x00007fff37e85000 	/System/Library/Frameworks/Kerberos.framework/Versions/A/Libraries/libHeimdalProxy.dylib
0x00007fff68914000 	/usr/lib/libheimdal-asn1.dylib
0x00007fff49dbc000 	/System/Library/PrivateFrameworks/CommonAuth.framework/Versions/A/CommonAuth
0x00007fff47007000 	/System/Library/PrivateFrameworks/AssertionServices.framework/Versions/A/AssertionServices
0x00007fff47baa000 	/System/Library/PrivateFrameworks/AudioToolboxCore.framework/Versions/A/AudioToolboxCore
0x00007fff66f02000 	/System/Library/PrivateFrameworks/caulk.framework/Versions/A/caulk
0x00007fff48168000 	/System/Library/PrivateFrameworks/BaseBoard.framework/Versions/A/BaseBoard
0x00007fff5ed5e000 	/System/Library/PrivateFrameworks/RunningBoardServices.framework/Versions/A/RunningBoardServices
0x00007fff5be27000 	/System/Library/PrivateFrameworks/PersistentConnection.framework/Versions/A/PersistentConnection
0x00007fff5e7ad000 	/System/Library/PrivateFrameworks/ProtocolBuffer.framework/Versions/A/ProtocolBuffer
0x00007fff49de1000 	/System/Library/PrivateFrameworks/CommonUtilities.framework/Versions/A/CommonUtilities
0x00007fff482eb000 	/System/Library/PrivateFrameworks/Bom.framework/Versions/A/Bom
0x00007fff67577000 	/usr/lib/libAudioToolboxUtility.dylib
0x00007fff480c6000 	/System/Library/PrivateFrameworks/Backup.framework/Versions/A/Backup
0x00007fff4cbd1000 	/System/Library/PrivateFrameworks/CrashReporterSupport.framework/Versions/A/CrashReporterSupport
0x00007fff6085a000 	/System/Library/PrivateFrameworks/Sharing.framework/Versions/A/Sharing
0x00007fff467ab000 	/System/Library/PrivateFrameworks/Apple80211.framework/Versions/A/Apple80211
0x00007fff47de8000 	/System/Library/PrivateFrameworks/AuthKit.framework/Versions/A/AuthKit
0x00007fff4c901000 	/System/Library/PrivateFrameworks/CoreUtils.framework/Versions/A/CoreUtils
0x00007fff35658000 	/System/Library/Frameworks/CoreWLAN.framework/Versions/A/CoreWLAN
0x00007fff3627e000 	/System/Library/Frameworks/IOBluetooth.framework/Versions/A/IOBluetooth
0x00007fff59a89000 	/System/Library/PrivateFrameworks/MobileKeyBag.framework/Versions/A/MobileKeyBag
0x00007fff4b9cc000 	/System/Library/PrivateFrameworks/CorePhoneNumbers.framework/Versions/A/CorePhoneNumbers
0x00007fff46a13000 	/System/Library/PrivateFrameworks/AppleIDAuthSupport.framework/Versions/A/AppleIDAuthSupport
0x00007fff39d17000 	/System/Library/Frameworks/Network.framework/Versions/A/Network
0x00007fff58149000 	/System/Library/PrivateFrameworks/KeychainCircle.framework/Versions/A/KeychainCircle
0x00007fff330cc000 	/System/Library/Frameworks/CoreBluetooth.framework/Versions/A/CoreBluetooth
0x00007fff624d6000 	/System/Library/PrivateFrameworks/SpeechRecognitionCore.framework/Versions/A/SpeechRecognitionCore
0x0000000108000000 	/Library/Java/JavaVirtualMachines/jdk1.8.0_211.jdk/Contents/Home/jre/lib/server/libjvm.dylib
0x00007fff69e28000 	/usr/lib/libstdc++.6.dylib
0x0000000107677000 	/Library/Java/JavaVirtualMachines/jdk1.8.0_211.jdk/Contents/Home/jre/lib/libverify.dylib
0x0000000107685000 	/Library/Java/JavaVirtualMachines/jdk1.8.0_211.jdk/Contents/Home/jre/lib/libjava.dylib
0x00000001076bc000 	/Library/Java/JavaVirtualMachines/jdk1.8.0_211.jdk/Contents/Home/jre/lib/libjdwp.dylib
0x0000000107707000 	/Library/Java/JavaVirtualMachines/jdk1.8.0_211.jdk/Contents/Home/jre/lib/libnpt.dylib
0x0000000107726000 	/Library/Java/JavaVirtualMachines/jdk1.8.0_211.jdk/Contents/Home/jre/lib/libinstrument.dylib
0x00000001077c3000 	/Library/Java/JavaVirtualMachines/jdk1.8.0_211.jdk/Contents/Home/jre/lib/libzip.dylib
0x0000000111438000 	/Library/Java/JavaVirtualMachines/jdk1.8.0_211.jdk/Contents/Home/jre/lib/libdt_socket.dylib

VM Arguments:
jvm_args: -agentlib:jdwp=transport=dt_socket,address=127.0.0.1:56533,suspend=y,server=n -javaagent:/Users/linzeyang/Library/Caches/IntelliJIdea2019.3/captureAgent/debugger-agent.jar -Dfile.encoding=UTF-8 
java_command: queue.LinkedQueueOfStrings
java_class_path (initial): /Library/Java/JavaVirtualMachines/jdk1.8.0_211.jdk/Contents/Home/jre/lib/charsets.jar:/Library/Java/JavaVirtualMachines/jdk1.8.0_211.jdk/Contents/Home/jre/lib/deploy.jar:/Library/Java/JavaVirtualMachines/jdk1.8.0_211.jdk/Contents/Home/jre/lib/ext/cldrdata.jar:/Library/Java/JavaVirtualMachines/jdk1.8.0_211.jdk/Contents/Home/jre/lib/ext/dnsns.jar:/Library/Java/JavaVirtualMachines/jdk1.8.0_211.jdk/Contents/Home/jre/lib/ext/jaccess.jar:/Library/Java/JavaVirtualMachines/jdk1.8.0_211.jdk/Contents/Home/jre/lib/ext/jfxrt.jar:/Library/Java/JavaVirtualMachines/jdk1.8.0_211.jdk/Contents/Home/jre/lib/ext/localedata.jar:/Library/Java/JavaVirtualMachines/jdk1.8.0_211.jdk/Contents/Home/jre/lib/ext/nashorn.jar:/Library/Java/JavaVirtualMachines/jdk1.8.0_211.jdk/Contents/Home/jre/lib/ext/sunec.jar:/Library/Java/JavaVirtualMachines/jdk1.8.0_211.jdk/Contents/Home/jre/lib/ext/sunjce_provider.jar:/Library/Java/JavaVirtualMachines/jdk1.8.0_211.jdk/Contents/Home/jre/lib/ext/sunpkcs11.jar:/Library/Java/JavaVirtualMachines/jdk1.8.0_211.jdk/Contents/Home/jre/lib/ext/zipfs.jar:/Library/Java/JavaVirtualMachines/jdk1.8.0_211.jdk/Contents/Home/jre/lib/javaws.jar:/Library/Java/JavaVirtualMachines/jdk1.8.0_211.jdk/Contents/Home/jre/lib/jce.jar:/Library/Java/JavaVirtualMachines/jdk1.8.0_211.jdk/Contents/Home/jre/lib/jfr.jar:/Library/Java/JavaVirtualMachines/jdk1.8.0_211.jdk/Contents/Home/jre/lib/jfxswt.jar:/Library/Java/JavaVirtualMachines/jdk1.8.0_211.jdk/Contents/Home/jre/lib/jsse.jar:/Library/Java/JavaVirtualMachines/jdk1.8.0_211.jdk/Contents/Home/jre/lib/management-agent.jar:/Library/Java/JavaVirtualMachines/jdk1.8.0_211.jdk/Contents/Home/jre/lib/plugin.jar:/Library/Java/JavaVirtualMachines/jdk1.8.0_211.jdk/Contents/Home/jre/lib/resources.jar:/Library/Java/JavaVirtualMachines/jdk1.8.0_211.jdk/Contents/Home/jre/lib/rt.jar:/Library/Java/JavaVirtualMachines/jdk1.8.0_211.jdk/Contents/Home/lib/ant-javafx.jar:/Library/Java/JavaVirtualMachines/jdk1.8.0_211.jdk/Contents/Home
Launcher Type: SUN_STANDARD

Environment Variables:
JAVA_HOME=/Library/Java/JavaVirtualMachines/jdk1.8.0_131.jdk/Contents/Home
CLASSPATH=/Library/Java/JavaVirtualMachines/jdk1.8.0_131.jdk/Contents/Home/lib/tools.jar:/Library/Java/JavaVirtualMachines/jdk1.8.0_131.jdk/Contents/Home/lib/dt.jar
PATH=/Users/linzeyang/Desktop/personal/Anaconda/anaconda3/bin:/Users/linzeyang/Desktop/personal/Anaconda/anaconda3/condabin://anaconda/bin:/opt/local/bin:/opt/local/sbin:/Users/linzeyang/anaconda/bin:/Users/linzeyang/anaconda/bin:/Library/Frameworks/Python.framework/Versions/2.7/bin://anaconda/bin:/Users/linzeyang/anaconda/bin:/Users/linzeyang/anaconda/bin:/Users/linzeyang/anaconda/bin://anaconda/bin://anaconda/bin:/ana/anaconda/bin:/Applications/anaconda/bin:/Users/anaconda/bin:/Users/linzeyang/anaconda/bin://anaconda/bin:/usr/local/Cellar/python/3.7.5/bin:/Library/Frameworks/Python.framework/Versions/3.7/bin:/usr/local/bin:/usr/bin:/bin:/usr/sbin:/sbin:/usr/local/aria2/bin:/opt/X11/bin:/Applications/Postgres.app/Contents/Versions/latest/bin:/usr/local/mysql/bin:/Library/Java/JavaVirtualMachines/jdk1.8.0_131.jdk/Contents/Home/bin:/Users/linzeyang/Desktop/CEC/IntelliJ/Maven/apache-maven-3.5.4/bin
SHELL=/usr/local/bin/zsh
DISPLAY=/private/tmp/com.apple.launchd.RI34ogRfTt/org.macosforge.xquartz:0

Signal Handlers:
SIGSEGV: [libjvm.dylib+0x5b71a7], sa_mask[0]=11111111011111110111111111111111, sa_flags=SA_ONSTACK|SA_RESTART|SA_SIGINFO
SIGBUS: [libjvm.dylib+0x5b71a7], sa_mask[0]=11111111011111110111111111111111, sa_flags=SA_RESTART|SA_SIGINFO
SIGFPE: [libjvm.dylib+0x48c8fc], sa_mask[0]=11111111011111110111111111111111, sa_flags=SA_RESTART|SA_SIGINFO
SIGPIPE: [libjvm.dylib+0x48c8fc], sa_mask[0]=11111111011111110111111111111111, sa_flags=SA_RESTART|SA_SIGINFO
SIGXFSZ: [libjvm.dylib+0x48c8fc], sa_mask[0]=11111111011111110111111111111111, sa_flags=SA_RESTART|SA_SIGINFO
SIGILL: [libjvm.dylib+0x48c8fc], sa_mask[0]=11111111011111110111111111111111, sa_flags=SA_RESTART|SA_SIGINFO
SIGUSR1: SIG_DFL, sa_mask[0]=00000000000000000000000000000000, sa_flags=none
SIGUSR2: [libjvm.dylib+0x48c41a], sa_mask[0]=00100000000000000000000000000000, sa_flags=SA_RESTART|SA_SIGINFO
SIGHUP: [libjvm.dylib+0x48a9a5], sa_mask[0]=11111111011111110111111111111111, sa_flags=SA_RESTART|SA_SIGINFO
SIGINT: [libjvm.dylib+0x48a9a5], sa_mask[0]=11111111011111110111111111111111, sa_flags=SA_RESTART|SA_SIGINFO
SIGTERM: [libjvm.dylib+0x48a9a5], sa_mask[0]=11111111011111110111111111111111, sa_flags=SA_RESTART|SA_SIGINFO
SIGQUIT: [libjvm.dylib+0x48a9a5], sa_mask[0]=11111111011111110111111111111111, sa_flags=SA_RESTART|SA_SIGINFO


---------------  S Y S T E M  ---------------

OS:Bsduname:Darwin 19.3.0 Darwin Kernel Version 19.3.0: Thu Jan  9 20:58:23 PST 2020; root:xnu-6153.81.5~1/RELEASE_X86_64 x86_64
rlimit: STACK 8192k, CORE 0k, NPROC 1392, NOFILE 10240, AS infinity
load average:14.09 7.60 5.08

CPU:total 4 (initial active 4) (2 cores per cpu, 2 threads per core) family 6 model 61 stepping 4, cmov, cx8, fxsr, mmx, sse, sse2, sse3, ssse3, sse4.1, sse4.2, popcnt, avx, avx2, aes, clmul, erms, 3dnowpref, lzcnt, ht, tsc, tscinvbit, bmi1, bmi2, adx

Memory: 4k page, physical 8388608k(49476k free)

/proc/meminfo:


vm_info: Java HotSpot(TM) 64-Bit Server VM (25.211-b12) for bsd-amd64 JRE (1.8.0_211-b12), built on Apr  1 2019 20:53:18 by "java_re" with gcc 4.2.1 (Based on Apple Inc. build 5658) (LLVM build 2336.11.00)

time: Wed Aug 12 00:08:46 2020
timezone: CST
elapsed time: 330 seconds (0d 0h 5m 30s)

